[35m[1mConsolidate compiler generated dependencies of target xolobot_arm_server[0m
[ 33%] [32mBuilding CXX object CMakeFiles/xolobot_arm_server.dir/src/SimulationController.cpp.o[0m
[01m[K/home/monica/ros2_ws/src/xolobot_arm_server/src/SimulationController.cpp:[m[K In constructor â€˜[01m[KSimulationController::SimulationController()[m[Kâ€™:
[01m[K/home/monica/ros2_ws/src/xolobot_arm_server/src/SimulationController.cpp:29:46:[m[K [01;31m[Kerror: [m[Kexpected â€˜[01m[K;[m[Kâ€™ before â€˜[01m[K{[m[Kâ€™ token
   29 | SimulationController::~SimulationController()[01;31m[K [m[K[32m[K{[m[K}
      |                                              [01;31m[K^[m[K[32m[K~[m[K
      |                                              [32m[K;[m[K
[01m[K/home/monica/ros2_ws/src/xolobot_arm_server/src/SimulationController.cpp:31:43:[m[K [01;31m[Kerror: [m[Kqualified-id in declaration before â€˜[01m[K([m[Kâ€™ token
   31 | void SimulationController::startTrajectory[01;31m[K([m[K){
      |                                           [01;31m[K^[m[K
[01m[K/home/monica/ros2_ws/src/xolobot_arm_server/src/SimulationController.cpp:41:44:[m[K [01;31m[Kerror: [m[Kqualified-id in declaration before â€˜[01m[K([m[Kâ€™ token
   41 | void SimulationController::generaAleatorios[01;31m[K([m[K){
      |                                            [01;31m[K^[m[K
gmake[2]: *** [CMakeFiles/xolobot_arm_server.dir/build.make:90: CMakeFiles/xolobot_arm_server.dir/src/SimulationController.cpp.o] Error 1
gmake[1]: *** [CMakeFiles/Makefile2:137: CMakeFiles/xolobot_arm_server.dir/all] Error 2
gmake: *** [Makefile:146: all] Error 2
