[0.056s] Invoking command in '/home/monica/ros2_ws/build/xolobot_arm_server': CMAKE_PREFIX_PATH=${CMAKE_PREFIX_PATH}:/opt/ros/iron /usr/bin/cmake --build /home/monica/ros2_ws/build/xolobot_arm_server -- -j2 -l2
[0.247s] [35m[1mConsolidate compiler generated dependencies of target xolobot_arm_server[0m
[0.596s] [ 33%] [32mBuilding CXX object CMakeFiles/xolobot_arm_server.dir/src/SimulationController.cpp.o[0m
[11.618s] [01m[K/home/monica/ros2_ws/src/xolobot_arm_server/src/SimulationController.cpp:[m[K In constructor â€˜[01m[KSimulationController::SimulationController()[m[Kâ€™:
[11.620s] [01m[K/home/monica/ros2_ws/src/xolobot_arm_server/src/SimulationController.cpp:31:5:[m[K [01;31m[Kerror: [m[Kâ€˜[01m[KjointTrajectoryPub[m[Kâ€™ was not declared in this scope
[11.620s]    31 |     [01;31m[KjointTrajectoryPub[m[K = this->create_publisher<trajectory_msgs::msg::JointTrajectory>("/joint_trajectory_controller/joint_trajectory", 10);
[11.623s]       |     [01;31m[K^~~~~~~~~~~~~~~~~~[m[K
[15.538s] gmake[2]: *** [CMakeFiles/xolobot_arm_server.dir/build.make:90: CMakeFiles/xolobot_arm_server.dir/src/SimulationController.cpp.o] Error 1
[15.544s] gmake[1]: *** [CMakeFiles/Makefile2:137: CMakeFiles/xolobot_arm_server.dir/all] Error 2
[15.545s] gmake: *** [Makefile:146: all] Error 2
[15.560s] Invoked command in '/home/monica/ros2_ws/build/xolobot_arm_server' returned '2': CMAKE_PREFIX_PATH=${CMAKE_PREFIX_PATH}:/opt/ros/iron /usr/bin/cmake --build /home/monica/ros2_ws/build/xolobot_arm_server -- -j2 -l2
