[0.088s] Invoking command in '/home/monica/ros2_ws/build/xolobot_arm_server': CMAKE_PREFIX_PATH=${CMAKE_PREFIX_PATH}:/opt/ros/iron /usr/bin/cmake --build /home/monica/ros2_ws/build/xolobot_arm_server -- -j2 -l2
[0.449s] [35m[1mConsolidate compiler generated dependencies of target xolobot_arm_server[0m
[0.687s] [ 33%] [32mBuilding CXX object CMakeFiles/xolobot_arm_server.dir/src/SimulationController.cpp.o[0m
[8.826s] [01m[K/home/monica/ros2_ws/src/xolobot_arm_server/src/SimulationController.cpp:[m[K In member function â€˜[01m[Kvoid SimulationController::generaAleatorios()[m[Kâ€™:
[8.827s] [01m[K/home/monica/ros2_ws/src/xolobot_arm_server/src/SimulationController.cpp:66:13:[m[K [01;31m[Kerror: [m[Kâ€˜[01m[KjointPub[m[Kâ€™ was not declared in this scope
[8.827s]    66 |             [01;31m[KjointPub[m[K[i]->publish(msg);
[8.827s]       |             [01;31m[K^~~~~~~~[m[K
[11.570s] gmake[2]: *** [CMakeFiles/xolobot_arm_server.dir/build.make:90: CMakeFiles/xolobot_arm_server.dir/src/SimulationController.cpp.o] Error 1
[11.571s] gmake[1]: *** [CMakeFiles/Makefile2:137: CMakeFiles/xolobot_arm_server.dir/all] Error 2
[11.571s] gmake: *** [Makefile:146: all] Error 2
[11.576s] Invoked command in '/home/monica/ros2_ws/build/xolobot_arm_server' returned '2': CMAKE_PREFIX_PATH=${CMAKE_PREFIX_PATH}:/opt/ros/iron /usr/bin/cmake --build /home/monica/ros2_ws/build/xolobot_arm_server -- -j2 -l2
