[0.056s] Invoking command in '/home/monica/ros2_ws/build/xolobot_arm_server': CMAKE_PREFIX_PATH=${CMAKE_PREFIX_PATH}:/opt/ros/iron /usr/bin/cmake --build /home/monica/ros2_ws/build/xolobot_arm_server -- -j2 -l2
[0.587s] [35m[1mConsolidate compiler generated dependencies of target xolobot_arm_server[0m
[0.954s] [ 33%] [32mBuilding CXX object CMakeFiles/xolobot_arm_server.dir/src/SimulationController.cpp.o[0m
[9.893s] [01m[K/home/monica/ros2_ws/src/xolobot_arm_server/src/SimulationController.cpp:[m[K In member function â€˜[01m[Kvoid SimulationController::generaAleatorios()[m[Kâ€™:
[9.894s] [01m[K/home/monica/ros2_ws/src/xolobot_arm_server/src/SimulationController.cpp:61:16:[m[K [01;31m[Kerror: [m[Kexpected unqualified-id before â€˜[01m[K=[m[Kâ€™ token
[9.894s]    61 |         double [01;31m[K=[m[K 0.0;
[9.894s]       |                [01;31m[K^[m[K
[9.909s] [01m[K/home/monica/ros2_ws/src/xolobot_arm_server/src/SimulationController.cpp:64:13:[m[K [01;31m[Kerror: [m[Kâ€˜[01m[Kvalor[m[Kâ€™ was not declared in this scope; did you mean â€˜[01m[Kvalloc[m[Kâ€™?
[9.909s]    64 |             [01;31m[Kvalor[m[K = -1.5708;
[9.909s]       |             [01;31m[K^~~~~[m[K
[9.909s]       |             [32m[Kvalloc[m[K
[9.922s] [01m[K/home/monica/ros2_ws/src/xolobot_arm_server/src/SimulationController.cpp:68:13:[m[K [01;31m[Kerror: [m[Kâ€˜[01m[Kvalor[m[Kâ€™ was not declared in this scope; did you mean â€˜[01m[Kvalloc[m[Kâ€™?
[9.922s]    68 |             [01;31m[Kvalor[m[K = 1.5708;
[9.923s]       |             [01;31m[K^~~~~[m[K
[9.923s]       |             [32m[Kvalloc[m[K
[9.937s] [01m[K/home/monica/ros2_ws/src/xolobot_arm_server/src/SimulationController.cpp:77:13:[m[K [01;31m[Kerror: [m[Kâ€˜[01m[Kvalor[m[Kâ€™ was not declared in this scope; did you mean â€˜[01m[Kvalloc[m[Kâ€™?
[9.937s]    77 |             [01;31m[Kvalor[m[K = -0.9000;
[9.937s]       |             [01;31m[K^~~~~[m[K
[9.937s]       |             [32m[Kvalloc[m[K
[9.953s] [01m[K/home/monica/ros2_ws/src/xolobot_arm_server/src/SimulationController.cpp:81:40:[m[K [01;31m[Kerror: [m[Kâ€˜[01m[Kvalor[m[Kâ€™ was not declared in this scope; did you mean â€˜[01m[Kvalloc[m[Kâ€™?
[9.953s]    81 |             point1.positions.push_back([01;31m[Kvalor[m[K);
[9.953s]       |                                        [01;31m[K^~~~~[m[K
[9.953s]       |                                        [32m[Kvalloc[m[K
[9.957s] [01m[K/home/monica/ros2_ws/src/xolobot_arm_server/src/SimulationController.cpp:89:16:[m[K [01;31m[Kerror: [m[Kexpected unqualified-id before â€˜[01m[K=[m[Kâ€™ token
[9.958s]    89 |         double [01;31m[K=[m[K 0.0;
[9.958s]       |                [01;31m[K^[m[K
[9.969s] [01m[K/home/monica/ros2_ws/src/xolobot_arm_server/src/SimulationController.cpp:92:13:[m[K [01;31m[Kerror: [m[Kâ€˜[01m[Kvalor[m[Kâ€™ was not declared in this scope; did you mean â€˜[01m[Kvalloc[m[Kâ€™?
[9.969s]    92 |             [01;31m[Kvalor[m[K = -1.5708;
[9.969s]       |             [01;31m[K^~~~~[m[K
[9.969s]       |             [32m[Kvalloc[m[K
[9.984s] [01m[K/home/monica/ros2_ws/src/xolobot_arm_server/src/SimulationController.cpp:96:13:[m[K [01;31m[Kerror: [m[Kâ€˜[01m[Kvalor[m[Kâ€™ was not declared in this scope; did you mean â€˜[01m[Kvalloc[m[Kâ€™?
[9.984s]    96 |             [01;31m[Kvalor[m[K = 1.5708;
[9.985s]       |             [01;31m[K^~~~~[m[K
[9.985s]       |             [32m[Kvalloc[m[K
[10.002s] [01m[K/home/monica/ros2_ws/src/xolobot_arm_server/src/SimulationController.cpp:105:13:[m[K [01;31m[Kerror: [m[Kâ€˜[01m[Kvalor[m[Kâ€™ was not declared in this scope; did you mean â€˜[01m[Kvalloc[m[Kâ€™?
[10.002s]   105 |             [01;31m[Kvalor[m[K = -0.9000;
[10.002s]       |             [01;31m[K^~~~~[m[K
[10.004s]       |             [32m[Kvalloc[m[K
[10.015s] [01m[K/home/monica/ros2_ws/src/xolobot_arm_server/src/SimulationController.cpp:109:13:[m[K [01;31m[Kerror: [m[Kâ€˜[01m[Kvalor[m[Kâ€™ was not declared in this scope; did you mean â€˜[01m[Kvalloc[m[Kâ€™?
[10.016s]   109 |             [01;31m[Kvalor[m[K = 1.5708;
[10.016s]       |             [01;31m[K^~~~~[m[K
[10.016s]       |             [32m[Kvalloc[m[K
[10.032s] [01m[K/home/monica/ros2_ws/src/xolobot_arm_server/src/SimulationController.cpp:112:13:[m[K [01;31m[Kerror: [m[Kâ€˜[01m[Kvalor[m[Kâ€™ was not declared in this scope; did you mean â€˜[01m[Kvalloc[m[Kâ€™?
[10.033s]   112 |             [01;31m[Kvalor[m[K = 1.2217;
[10.033s]       |             [01;31m[K^~~~~[m[K
[10.034s]       |             [32m[Kvalloc[m[K
[10.050s] [01m[K/home/monica/ros2_ws/src/xolobot_arm_server/src/SimulationController.cpp:114:36:[m[K [01;31m[Kerror: [m[Kâ€˜[01m[Kvalor[m[Kâ€™ was not declared in this scope; did you mean â€˜[01m[Kvalloc[m[Kâ€™?
[10.050s]   114 |         point2.positions.push_back([01;31m[Kvalor[m[K);
[10.051s]       |                                    [01;31m[K^~~~~[m[K
[10.051s]       |                                    [32m[Kvalloc[m[K
[13.501s] gmake[2]: *** [CMakeFiles/xolobot_arm_server.dir/build.make:90: CMakeFiles/xolobot_arm_server.dir/src/SimulationController.cpp.o] Error 1
[13.501s] gmake[1]: *** [CMakeFiles/Makefile2:137: CMakeFiles/xolobot_arm_server.dir/all] Error 2
[13.502s] gmake: *** [Makefile:146: all] Error 2
[13.510s] Invoked command in '/home/monica/ros2_ws/build/xolobot_arm_server' returned '2': CMAKE_PREFIX_PATH=${CMAKE_PREFIX_PATH}:/opt/ros/iron /usr/bin/cmake --build /home/monica/ros2_ws/build/xolobot_arm_server -- -j2 -l2
