In file included from [01m[K/home/monica/ros2_ws/src/xolobot_arm_server/src/startServerNode.cpp:1[m[K:
[01m[K/home/monica/ros2_ws/src/xolobot_arm_server/src/SimulationController.h:37:5:[m[K [01;31m[Kerror: [m[Ktemplate placeholder type â€˜[01m[KPublisher<...auto...>[m[Kâ€™ must be followed by a simple declarator-id
   37 |     [01;31m[Krclcpp[m[K::Publisher jointPub[TOTAL_JOINTS];
      |     [01;31m[K^~~~~~[m[K
In file included from [01m[K/opt/ros/iron/include/rclcpp/rclcpp/topic_statistics/subscription_topic_statistics.hpp:31[m[K,
                 from [01m[K/opt/ros/iron/include/rclcpp/rclcpp/subscription.hpp:50[m[K,
                 from [01m[K/opt/ros/iron/include/rclcpp/rclcpp/any_executable.hpp:25[m[K,
                 from [01m[K/opt/ros/iron/include/rclcpp/rclcpp/memory_strategy.hpp:25[m[K,
                 from [01m[K/opt/ros/iron/include/rclcpp/rclcpp/memory_strategies.hpp:18[m[K,
                 from [01m[K/opt/ros/iron/include/rclcpp/rclcpp/executor_options.hpp:20[m[K,
                 from [01m[K/opt/ros/iron/include/rclcpp/rclcpp/executor.hpp:37[m[K,
                 from [01m[K/opt/ros/iron/include/rclcpp/rclcpp/executors/multi_threaded_executor.hpp:25[m[K,
                 from [01m[K/opt/ros/iron/include/rclcpp/rclcpp/executors.hpp:21[m[K,
                 from [01m[K/opt/ros/iron/include/rclcpp/rclcpp/rclcpp.hpp:167[m[K,
                 from [01m[K/home/monica/ros2_ws/src/xolobot_arm_server/src/SimulationController.h:4[m[K,
                 from [01m[K/home/monica/ros2_ws/src/xolobot_arm_server/src/startServerNode.cpp:1[m[K:
[01m[K/opt/ros/iron/include/rclcpp/rclcpp/publisher.hpp:77:7:[m[K [01;36m[Knote: [m[Kâ€˜[01m[Ktemplate<class MessageT, class AllocatorT> class rclcpp::Publisher[m[Kâ€™ declared here
   77 | class [01;36m[KPublisher[m[K : public PublisherBase
      |       [01;36m[K^~~~~~~~~[m[K
[01m[K/home/monica/ros2_ws/src/xolobot_arm_server/src/startServerNode.cpp:[m[K In function â€˜[01m[Kint main(int, char**)[m[Kâ€™:
[01m[K/home/monica/ros2_ws/src/xolobot_arm_server/src/startServerNode.cpp:20:29:[m[K [01;31m[Kerror: [m[Kinvalid initialization of reference of type â€˜[01m[Kconst rclcpp::InitOptions&[m[Kâ€™ from expression of type â€˜[01m[Kconst char [19][m[Kâ€™
   20 |    rclcpp::init(argc, argv, [01;31m[K"xolobot_arm_server"[m[K);
      |                             [01;31m[K^~~~~~~~~~~~~~~~~~~~[m[K
In file included from [01m[K/opt/ros/iron/include/rclcpp/rclcpp/logging.hpp:25[m[K,
                 from [01m[K/opt/ros/iron/include/rclcpp/rclcpp/client.hpp:43[m[K,
                 from [01m[K/opt/ros/iron/include/rclcpp/rclcpp/callback_group.hpp:24[m[K,
                 from [01m[K/opt/ros/iron/include/rclcpp/rclcpp/any_executable.hpp:20[m[K,
                 from [01m[K/opt/ros/iron/include/rclcpp/rclcpp/memory_strategy.hpp:25[m[K,
                 from [01m[K/opt/ros/iron/include/rclcpp/rclcpp/memory_strategies.hpp:18[m[K,
                 from [01m[K/opt/ros/iron/include/rclcpp/rclcpp/executor_options.hpp:20[m[K,
                 from [01m[K/opt/ros/iron/include/rclcpp/rclcpp/executor.hpp:37[m[K,
                 from [01m[K/opt/ros/iron/include/rclcpp/rclcpp/executors/multi_threaded_executor.hpp:25[m[K,
                 from [01m[K/opt/ros/iron/include/rclcpp/rclcpp/executors.hpp:21[m[K,
                 from [01m[K/opt/ros/iron/include/rclcpp/rclcpp/rclcpp.hpp:167[m[K,
                 from [01m[K/home/monica/ros2_ws/src/xolobot_arm_server/src/SimulationController.h:4[m[K,
                 from [01m[K/home/monica/ros2_ws/src/xolobot_arm_server/src/startServerNode.cpp:1[m[K:
[01m[K/opt/ros/iron/include/rclcpp/rclcpp/utilities.hpp:78:23:[m[K [01;36m[Knote: [m[Kin passing argument 3 of â€˜[01m[Kvoid rclcpp::init(int, const char* const*, const rclcpp::InitOptions&, rclcpp::SignalHandlerOptions)[m[Kâ€™
   78 |   [01;36m[Kconst InitOptions & init_options = InitOptions()[m[K,
      |   [01;36m[K~~~~~~~~~~~~~~~~~~~~^~~~~~~~~~~~~~~~~~~~~~~~~~~~[m[K
In file included from [01m[K/opt/ros/iron/include/rclcpp/rclcpp/client.hpp:43[m[K,
                 from [01m[K/opt/ros/iron/include/rclcpp/rclcpp/callback_group.hpp:24[m[K,
                 from [01m[K/opt/ros/iron/include/rclcpp/rclcpp/any_executable.hpp:20[m[K,
                 from [01m[K/opt/ros/iron/include/rclcpp/rclcpp/memory_strategy.hpp:25[m[K,
                 from [01m[K/opt/ros/iron/include/rclcpp/rclcpp/memory_strategies.hpp:18[m[K,
                 from [01m[K/opt/ros/iron/include/rclcpp/rclcpp/executor_options.hpp:20[m[K,
                 from [01m[K/opt/ros/iron/include/rclcpp/rclcpp/executor.hpp:37[m[K,
                 from [01m[K/opt/ros/iron/include/rclcpp/rclcpp/executors/multi_threaded_executor.hpp:25[m[K,
                 from [01m[K/opt/ros/iron/include/rclcpp/rclcpp/executors.hpp:21[m[K,
                 from [01m[K/opt/ros/iron/include/rclcpp/rclcpp/rclcpp.hpp:167[m[K,
                 from [01m[K/home/monica/ros2_ws/src/xolobot_arm_server/src/SimulationController.h:4[m[K,
                 from [01m[K/home/monica/ros2_ws/src/xolobot_arm_server/src/startServerNode.cpp:1[m[K:
[01m[K/home/monica/ros2_ws/src/xolobot_arm_server/src/startServerNode.cpp:26:4:[m[K [01;31m[Kerror: [m[Kstatic assertion failed: First argument to logging macros must be an rclcpp::Logger
   26 |    [01;31m[KRCLCPP_INFO[m[K("La simulacion ha terminado\n");
      |    [01;31m[K^~~~~~~~~~~[m[K
In file included from [01m[K/opt/ros/iron/include/rclcpp/rclcpp/logging.hpp:24[m[K,
                 from [01m[K/opt/ros/iron/include/rclcpp/rclcpp/client.hpp:43[m[K,
                 from [01m[K/opt/ros/iron/include/rclcpp/rclcpp/callback_group.hpp:24[m[K,
                 from [01m[K/opt/ros/iron/include/rclcpp/rclcpp/any_executable.hpp:20[m[K,
                 from [01m[K/opt/ros/iron/include/rclcpp/rclcpp/memory_strategy.hpp:25[m[K,
                 from [01m[K/opt/ros/iron/include/rclcpp/rclcpp/memory_strategies.hpp:18[m[K,
                 from [01m[K/opt/ros/iron/include/rclcpp/rclcpp/executor_options.hpp:20[m[K,
                 from [01m[K/opt/ros/iron/include/rclcpp/rclcpp/executor.hpp:37[m[K,
                 from [01m[K/opt/ros/iron/include/rclcpp/rclcpp/executors/multi_threaded_executor.hpp:25[m[K,
                 from [01m[K/opt/ros/iron/include/rclcpp/rclcpp/executors.hpp:21[m[K,
                 from [01m[K/opt/ros/iron/include/rclcpp/rclcpp/rclcpp.hpp:167[m[K,
                 from [01m[K/home/monica/ros2_ws/src/xolobot_arm_server/src/SimulationController.h:4[m[K,
                 from [01m[K/home/monica/ros2_ws/src/xolobot_arm_server/src/startServerNode.cpp:1[m[K:
[01m[K/home/monica/ros2_ws/src/xolobot_arm_server/src/startServerNode.cpp:26:4:[m[K [01;31m[Kerror: [m[Krequest for member â€˜[01m[Kget_name[m[Kâ€™ in â€˜[01m[K("La simulacion ha terminado\012")[m[Kâ€™, which is of non-class type â€˜[01m[Kconst char [28][m[Kâ€™
   26 |    [01;31m[KRCLCPP_INFO[m[K("La simulacion ha terminado\n");
      |    [01;31m[K^~~~~~~~~~~[m[K
[01m[K/home/monica/ros2_ws/src/xolobot_arm_server/src/startServerNode.cpp:26:4:[m[K [01;31m[Kerror: [m[Krequest for member â€˜[01m[Kget_name[m[Kâ€™ in â€˜[01m[K("La simulacion ha terminado\012")[m[Kâ€™, which is of non-class type â€˜[01m[Kconst char [28][m[Kâ€™
   26 |    [01;31m[KRCLCPP_INFO[m[K("La simulacion ha terminado\n");
      |    [01;31m[K^~~~~~~~~~~[m[K
[01m[K/home/monica/ros2_ws/src/xolobot_arm_server/src/startServerNode.cpp:26:4:[m[K [01;31m[Kerror: [m[Kexpected primary-expression before â€˜[01m[K)[m[Kâ€™ token
   26 |    [01;31m[KRCLCPP_INFO[m[K("La simulacion ha terminado\n");
      |    [01;31m[K^~~~~~~~~~~[m[K
gmake[2]: *** [CMakeFiles/xolobot_arm_server.dir/build.make:76: CMakeFiles/xolobot_arm_server.dir/src/startServerNode.cpp.o] Error 1
gmake[1]: *** [CMakeFiles/Makefile2:137: CMakeFiles/xolobot_arm_server.dir/all] Error 2
gmake: *** [Makefile:146: all] Error 2
