[35m[1mConsolidate compiler generated dependencies of target xolobot_arm_server[0m
[ 33%] [32mBuilding CXX object CMakeFiles/xolobot_arm_server.dir/src/SimulationController.cpp.o[0m
[01m[K/home/monica/ros2_ws/src/xolobot_arm_server/src/SimulationController.cpp:[m[K In member function â€˜[01m[Kvoid SimulationController::generaAleatorios()[m[Kâ€™:
[01m[K/home/monica/ros2_ws/src/xolobot_arm_server/src/SimulationController.cpp:89:16:[m[K [01;31m[Kerror: [m[Kexpected unqualified-id before â€˜[01m[K=[m[Kâ€™ token
   89 |         double [01;31m[K=[m[K 0.0;
      |                [01;31m[K^[m[K
[01m[K/home/monica/ros2_ws/src/xolobot_arm_server/src/SimulationController.cpp:92:13:[m[K [01;31m[Kerror: [m[Kâ€˜[01m[Kvalor[m[Kâ€™ was not declared in this scope; did you mean â€˜[01m[Kvalloc[m[Kâ€™?
   92 |             [01;31m[Kvalor[m[K = -1.5708;
      |             [01;31m[K^~~~~[m[K
      |             [32m[Kvalloc[m[K
[01m[K/home/monica/ros2_ws/src/xolobot_arm_server/src/SimulationController.cpp:96:13:[m[K [01;31m[Kerror: [m[Kâ€˜[01m[Kvalor[m[Kâ€™ was not declared in this scope; did you mean â€˜[01m[Kvalloc[m[Kâ€™?
   96 |             [01;31m[Kvalor[m[K = 1.5708;
      |             [01;31m[K^~~~~[m[K
      |             [32m[Kvalloc[m[K
[01m[K/home/monica/ros2_ws/src/xolobot_arm_server/src/SimulationController.cpp:105:13:[m[K [01;31m[Kerror: [m[Kâ€˜[01m[Kvalor[m[Kâ€™ was not declared in this scope; did you mean â€˜[01m[Kvalloc[m[Kâ€™?
  105 |             [01;31m[Kvalor[m[K = -0.9000;
      |             [01;31m[K^~~~~[m[K
      |             [32m[Kvalloc[m[K
[01m[K/home/monica/ros2_ws/src/xolobot_arm_server/src/SimulationController.cpp:109:13:[m[K [01;31m[Kerror: [m[Kâ€˜[01m[Kvalor[m[Kâ€™ was not declared in this scope; did you mean â€˜[01m[Kvalloc[m[Kâ€™?
  109 |             [01;31m[Kvalor[m[K = 1.5708;
      |             [01;31m[K^~~~~[m[K
      |             [32m[Kvalloc[m[K
[01m[K/home/monica/ros2_ws/src/xolobot_arm_server/src/SimulationController.cpp:112:13:[m[K [01;31m[Kerror: [m[Kâ€˜[01m[Kvalor[m[Kâ€™ was not declared in this scope; did you mean â€˜[01m[Kvalloc[m[Kâ€™?
  112 |             [01;31m[Kvalor[m[K = 1.2217;
      |             [01;31m[K^~~~~[m[K
      |             [32m[Kvalloc[m[K
[01m[K/home/monica/ros2_ws/src/xolobot_arm_server/src/SimulationController.cpp:114:36:[m[K [01;31m[Kerror: [m[Kâ€˜[01m[Kvalor[m[Kâ€™ was not declared in this scope; did you mean â€˜[01m[Kvalloc[m[Kâ€™?
  114 |         point2.positions.push_back([01;31m[Kvalor[m[K);
      |                                    [01;31m[K^~~~~[m[K
      |                                    [32m[Kvalloc[m[K
gmake[2]: *** [CMakeFiles/xolobot_arm_server.dir/build.make:90: CMakeFiles/xolobot_arm_server.dir/src/SimulationController.cpp.o] Error 1
gmake[1]: *** [CMakeFiles/Makefile2:137: CMakeFiles/xolobot_arm_server.dir/all] Error 2
gmake: *** [Makefile:146: all] Error 2
