[0.108s] Invoking command in '/home/monica/ros2_ws/build/xolobot_arm_server': CMAKE_PREFIX_PATH=${CMAKE_PREFIX_PATH}:/opt/ros/iron /usr/bin/cmake --build /home/monica/ros2_ws/build/xolobot_arm_server -- -j2 -l2
[0.957s] [35m[1mConsolidate compiler generated dependencies of target xolobot_arm_server[0m
[1.346s] [ 33%] [32mBuilding CXX object CMakeFiles/xolobot_arm_server.dir/src/SimulationController.cpp.o[0m
[17.150s] [01m[K/home/monica/ros2_ws/src/xolobot_arm_server/src/SimulationController.cpp:[m[K In member function â€˜[01m[Kvoid SimulationController::generaAleatorios()[m[Kâ€™:
[17.150s] [01m[K/home/monica/ros2_ws/src/xolobot_arm_server/src/SimulationController.cpp:89:16:[m[K [01;31m[Kerror: [m[Kexpected unqualified-id before â€˜[01m[K=[m[Kâ€™ token
[17.150s]    89 |         double [01;31m[K=[m[K 0.0;
[17.151s]       |                [01;31m[K^[m[K
[17.163s] [01m[K/home/monica/ros2_ws/src/xolobot_arm_server/src/SimulationController.cpp:92:13:[m[K [01;31m[Kerror: [m[Kâ€˜[01m[Kvalor[m[Kâ€™ was not declared in this scope; did you mean â€˜[01m[Kvalloc[m[Kâ€™?
[17.163s]    92 |             [01;31m[Kvalor[m[K = -1.5708;
[17.164s]       |             [01;31m[K^~~~~[m[K
[17.164s]       |             [32m[Kvalloc[m[K
[17.176s] [01m[K/home/monica/ros2_ws/src/xolobot_arm_server/src/SimulationController.cpp:96:13:[m[K [01;31m[Kerror: [m[Kâ€˜[01m[Kvalor[m[Kâ€™ was not declared in this scope; did you mean â€˜[01m[Kvalloc[m[Kâ€™?
[17.177s]    96 |             [01;31m[Kvalor[m[K = 1.5708;
[17.177s]       |             [01;31m[K^~~~~[m[K
[17.177s]       |             [32m[Kvalloc[m[K
[17.190s] [01m[K/home/monica/ros2_ws/src/xolobot_arm_server/src/SimulationController.cpp:105:13:[m[K [01;31m[Kerror: [m[Kâ€˜[01m[Kvalor[m[Kâ€™ was not declared in this scope; did you mean â€˜[01m[Kvalloc[m[Kâ€™?
[17.190s]   105 |             [01;31m[Kvalor[m[K = -0.9000;
[17.190s]       |             [01;31m[K^~~~~[m[K
[17.190s]       |             [32m[Kvalloc[m[K
[17.203s] [01m[K/home/monica/ros2_ws/src/xolobot_arm_server/src/SimulationController.cpp:109:13:[m[K [01;31m[Kerror: [m[Kâ€˜[01m[Kvalor[m[Kâ€™ was not declared in this scope; did you mean â€˜[01m[Kvalloc[m[Kâ€™?
[17.204s]   109 |             [01;31m[Kvalor[m[K = 1.5708;
[17.204s]       |             [01;31m[K^~~~~[m[K
[17.204s]       |             [32m[Kvalloc[m[K
[17.220s] [01m[K/home/monica/ros2_ws/src/xolobot_arm_server/src/SimulationController.cpp:112:13:[m[K [01;31m[Kerror: [m[Kâ€˜[01m[Kvalor[m[Kâ€™ was not declared in this scope; did you mean â€˜[01m[Kvalloc[m[Kâ€™?
[17.220s]   112 |             [01;31m[Kvalor[m[K = 1.2217;
[17.220s]       |             [01;31m[K^~~~~[m[K
[17.221s]       |             [32m[Kvalloc[m[K
[17.233s] [01m[K/home/monica/ros2_ws/src/xolobot_arm_server/src/SimulationController.cpp:114:36:[m[K [01;31m[Kerror: [m[Kâ€˜[01m[Kvalor[m[Kâ€™ was not declared in this scope; did you mean â€˜[01m[Kvalloc[m[Kâ€™?
[17.233s]   114 |         point2.positions.push_back([01;31m[Kvalor[m[K);
[17.233s]       |                                    [01;31m[K^~~~~[m[K
[17.233s]       |                                    [32m[Kvalloc[m[K
[20.305s] gmake[2]: *** [CMakeFiles/xolobot_arm_server.dir/build.make:90: CMakeFiles/xolobot_arm_server.dir/src/SimulationController.cpp.o] Error 1
[20.305s] gmake[1]: *** [CMakeFiles/Makefile2:137: CMakeFiles/xolobot_arm_server.dir/all] Error 2
[20.313s] gmake: *** [Makefile:146: all] Error 2
[20.319s] Invoked command in '/home/monica/ros2_ws/build/xolobot_arm_server' returned '2': CMAKE_PREFIX_PATH=${CMAKE_PREFIX_PATH}:/opt/ros/iron /usr/bin/cmake --build /home/monica/ros2_ws/build/xolobot_arm_server -- -j2 -l2
