[0.030s] Invoking command in '/home/monica/ros2_ws/build/xolobot_arm_server': CMAKE_PREFIX_PATH=${CMAKE_PREFIX_PATH}:/opt/ros/iron /usr/bin/cmake --build /home/monica/ros2_ws/build/xolobot_arm_server -- -j2 -l2
[0.214s] [35m[1mConsolidate compiler generated dependencies of target xolobot_arm_server[0m
[0.356s] [ 33%] [32mBuilding CXX object CMakeFiles/xolobot_arm_server.dir/src/SimulationController.cpp.o[0m
[7.994s] [01m[K/home/monica/ros2_ws/src/xolobot_arm_server/src/SimulationController.cpp:[m[K In member function â€˜[01m[Kvoid SimulationController::generaAleatorios()[m[Kâ€™:
[7.994s] [01m[K/home/monica/ros2_ws/src/xolobot_arm_server/src/SimulationController.cpp:63:9:[m[K [01;31m[Kerror: [m[Kâ€˜[01m[Kelse[m[Kâ€™ without a previous â€˜[01m[Kif[m[Kâ€™
[7.994s]    63 |         [01;31m[Kelse[m[K if(i==2){
[7.994s]       |         [01;31m[K^~~~[m[K
[8.008s] [01m[K/home/monica/ros2_ws/src/xolobot_arm_server/src/SimulationController.cpp:66:13:[m[K [01;31m[Kerror: [m[Kâ€˜[01m[KjointPub[m[Kâ€™ was not declared in this scope
[8.008s]    66 |             [01;31m[KjointPub[m[K[i]->publish(msg);
[8.009s]       |             [01;31m[K^~~~~~~~[m[K
[10.552s] gmake[2]: *** [CMakeFiles/xolobot_arm_server.dir/build.make:90: CMakeFiles/xolobot_arm_server.dir/src/SimulationController.cpp.o] Error 1
[10.553s] gmake[1]: *** [CMakeFiles/Makefile2:137: CMakeFiles/xolobot_arm_server.dir/all] Error 2
[10.553s] gmake: *** [Makefile:146: all] Error 2
[10.558s] Invoked command in '/home/monica/ros2_ws/build/xolobot_arm_server' returned '2': CMAKE_PREFIX_PATH=${CMAKE_PREFIX_PATH}:/opt/ros/iron /usr/bin/cmake --build /home/monica/ros2_ws/build/xolobot_arm_server -- -j2 -l2
