[35m[1mConsolidate compiler generated dependencies of target xolobot_arm_server[0m
[ 33%] [32mBuilding CXX object CMakeFiles/xolobot_arm_server.dir/src/startServerNode.cpp.o[0m
In file included from [01m[K/home/monica/ros2_ws/src/xolobot_arm_server/src/startServerNode.cpp:1[m[K:
[01m[K/home/monica/ros2_ws/src/xolobot_arm_server/src/SimulationController.hpp:36:35:[m[K [01;31m[Kerror: [m[Kâ€˜[01m[Kstd_msgs[m[Kâ€™ was not declared in this scope
   36 |     std::vector<rclcpp::Publisher<[01;31m[Kstd_msgs[m[K::msg::Float64>::SharedPtr> jointPub;
      |                                   [01;31m[K^~~~~~~~[m[K
[01m[K/home/monica/ros2_ws/src/xolobot_arm_server/src/SimulationController.hpp:36:57:[m[K [01;31m[Kerror: [m[Ktemplate argument 1 is invalid
   36 |     std::vector<rclcpp::Publisher<std_msgs::msg::Float64[01;31m[K>[m[K::SharedPtr> jointPub;
      |                                                         [01;31m[K^[m[K
[01m[K/home/monica/ros2_ws/src/xolobot_arm_server/src/SimulationController.hpp:36:69:[m[K [01;31m[Kerror: [m[Ktemplate argument 1 is invalid
   36 | :vector<rclcpp::Publisher<std_msgs::msg::Float64>::SharedPtr[01;31m[K>[m[K jointPub;
      |                                                             [01;31m[K^[m[K

[01m[K/home/monica/ros2_ws/src/xolobot_arm_server/src/SimulationController.hpp:36:69:[m[K [01;31m[Kerror: [m[Ktemplate argument 2 is invalid
gmake[2]: *** [CMakeFiles/xolobot_arm_server.dir/build.make:76: CMakeFiles/xolobot_arm_server.dir/src/startServerNode.cpp.o] Error 1
gmake[1]: *** [CMakeFiles/Makefile2:137: CMakeFiles/xolobot_arm_server.dir/all] Error 2
gmake: *** [Makefile:146: all] Error 2
