[0.067s] Invoking command in '/home/monica/ros2_ws/build/xolobot_arm_server': CMAKE_PREFIX_PATH=${CMAKE_PREFIX_PATH}:/opt/ros/iron /usr/bin/cmake --build /home/monica/ros2_ws/build/xolobot_arm_server -- -j2 -l2
[0.366s] [35m[1mConsolidate compiler generated dependencies of target xolobot_arm_server[0m
[0.538s] [ 33%] [32mBuilding CXX object CMakeFiles/xolobot_arm_server.dir/src/startServerNode.cpp.o[0m
[9.302s] In file included from [01m[K/home/monica/ros2_ws/src/xolobot_arm_server/src/startServerNode.cpp:1[m[K:
[9.303s] [01m[K/home/monica/ros2_ws/src/xolobot_arm_server/src/SimulationController.hpp:36:35:[m[K [01;31m[Kerror: [m[Kâ€˜[01m[Kstd_msgs[m[Kâ€™ was not declared in this scope
[9.303s]    36 |     std::vector<rclcpp::Publisher<[01;31m[Kstd_msgs[m[K::msg::Float64>::SharedPtr> jointPub;
[9.306s]       |                                   [01;31m[K^~~~~~~~[m[K
[9.306s] [01m[K/home/monica/ros2_ws/src/xolobot_arm_server/src/SimulationController.hpp:36:57:[m[K [01;31m[Kerror: [m[Ktemplate argument 1 is invalid
[9.306s]    36 |     std::vector<rclcpp::Publisher<std_msgs::msg::Float64[01;31m[K>[m[K::SharedPtr> jointPub;
[9.310s]       |                                                         [01;31m[K^[m[K
[9.314s] [01m[K/home/monica/ros2_ws/src/xolobot_arm_server/src/SimulationController.hpp:36:69:[m[K [01;31m[Kerror: [m[Ktemplate argument 1 is invalid
[9.314s]    36 | :vector<rclcpp::Publisher<std_msgs::msg::Float64>::SharedPtr[01;31m[K>[m[K jointPub;
[9.315s]       |                                                             [01;31m[K^[m[K
[9.315s] 
[9.315s] [01m[K/home/monica/ros2_ws/src/xolobot_arm_server/src/SimulationController.hpp:36:69:[m[K [01;31m[Kerror: [m[Ktemplate argument 2 is invalid
[11.819s] gmake[2]: *** [CMakeFiles/xolobot_arm_server.dir/build.make:76: CMakeFiles/xolobot_arm_server.dir/src/startServerNode.cpp.o] Error 1
[11.820s] gmake[1]: *** [CMakeFiles/Makefile2:137: CMakeFiles/xolobot_arm_server.dir/all] Error 2
[11.820s] gmake: *** [Makefile:146: all] Error 2
