[0.034s] Invoking command in '/home/monica/ros2_ws/build/xolobot_arm_server': CMAKE_PREFIX_PATH=${CMAKE_PREFIX_PATH}:/opt/ros/iron /usr/bin/cmake --build /home/monica/ros2_ws/build/xolobot_arm_server -- -j2 -l2
[0.221s] [35m[1mConsolidate compiler generated dependencies of target xolobot_arm_server[0m
[0.342s] [ 33%] [32mBuilding CXX object CMakeFiles/xolobot_arm_server.dir/src/SimulationController.cpp.o[0m
[9.904s] [01m[K/home/monica/ros2_ws/src/xolobot_arm_server/src/SimulationController.cpp:[m[K In member function â€˜[01m[Kvoid SimulationController::deteccionColision(gazebo_msgs::msg::ContactsState_<std::allocator<void> >::SharedPtr)[m[Kâ€™:
[9.905s] [01m[K/home/monica/ros2_ws/src/xolobot_arm_server/src/SimulationController.cpp:83:9:[m[K [01;31m[Kerror: [m[Kâ€˜[01m[KtemporizadorHombro[m[Kâ€™ was not declared in this scope
[9.905s]    83 |         [01;31m[KtemporizadorHombro[m[K = this->create_wall_timer(
[9.905s]       |         [01;31m[K^~~~~~~~~~~~~~~~~~[m[K
[9.908s] [01m[K/home/monica/ros2_ws/src/xolobot_arm_server/src/SimulationController.cpp:84:44:[m[K [01;31m[Kerror: [m[Kâ€˜[01m[Kbin[m[Kâ€™ is not a member of â€˜[01m[Kstd[m[Kâ€™; did you mean â€˜[01m[Ksin[m[Kâ€™?
[9.909s]    84 |             std::chrono::seconds(30), std::[01;31m[Kbin[m[K(&SimulationController::moverHombro, this));
[9.909s]       |                                            [01;31m[K^~~[m[K
[9.909s]       |                                            [32m[Ksin[m[K
[9.909s] [01m[K/home/monica/ros2_ws/src/xolobot_arm_server/src/SimulationController.cpp:84:71:[m[K [01;31m[Kerror: [m[Kâ€˜[01m[KmoverHombro[m[Kâ€™ is not a member of â€˜[01m[KSimulationController[m[Kâ€™
[9.910s]    84 | :chrono::seconds(30), std::bin(&SimulationController::[01;31m[KmoverHombro[m[K, this));
[9.914s]       |                                                       [01;31m[K^~~~~~~~~~~[m[K
[9.914s] 
[9.914s] [01m[K/home/monica/ros2_ws/src/xolobot_arm_server/src/SimulationController.cpp:[m[K At global scope:
[9.915s] [01m[K/home/monica/ros2_ws/src/xolobot_arm_server/src/SimulationController.cpp:93:6:[m[K [01;31m[Kerror: [m[Kno declaration matches â€˜[01m[Kvoid SimulationController::moverHombro()[m[Kâ€™
[9.915s]    93 | void [01;31m[KSimulationController[m[K::moverHombro(){
[9.915s]       |      [01;31m[K^~~~~~~~~~~~~~~~~~~~[m[K
[9.915s] [01m[K/home/monica/ros2_ws/src/xolobot_arm_server/src/SimulationController.cpp:93:6:[m[K [01;36m[Knote: [m[Kno functions named â€˜[01m[Kvoid SimulationController::moverHombro()[m[Kâ€™
[9.915s] In file included from [01m[K/home/monica/ros2_ws/src/xolobot_arm_server/src/SimulationController.cpp:1[m[K:
[9.920s] [01m[K/home/monica/ros2_ws/src/xolobot_arm_server/src/SimulationController.h:22:7:[m[K [01;36m[Knote: [m[Kâ€˜[01m[Kclass SimulationController[m[Kâ€™ defined here
[9.920s]    22 | class [01;36m[KSimulationController[m[K : public rclcpp::Node{
[9.920s]       |       [01;36m[K^~~~~~~~~~~~~~~~~~~~[m[K
[15.363s] gmake[2]: *** [CMakeFiles/xolobot_arm_server.dir/build.make:90: CMakeFiles/xolobot_arm_server.dir/src/SimulationController.cpp.o] Error 1
[15.364s] gmake[1]: *** [CMakeFiles/Makefile2:137: CMakeFiles/xolobot_arm_server.dir/all] Error 2
[15.365s] gmake: *** [Makefile:146: all] Error 2
[15.369s] Invoked command in '/home/monica/ros2_ws/build/xolobot_arm_server' returned '2': CMAKE_PREFIX_PATH=${CMAKE_PREFIX_PATH}:/opt/ros/iron /usr/bin/cmake --build /home/monica/ros2_ws/build/xolobot_arm_server -- -j2 -l2
