[35m[1mConsolidate compiler generated dependencies of target xolobot_arm_server[0m
[ 33%] [32mBuilding CXX object CMakeFiles/xolobot_arm_server.dir/src/SimulationController.cpp.o[0m
[01m[K/home/monica/ros2_ws/src/xolobot_arm_server/src/SimulationController.cpp:[m[K In constructor â€˜[01m[KSimulationController::SimulationController()[m[Kâ€™:
[01m[K/home/monica/ros2_ws/src/xolobot_arm_server/src/SimulationController.cpp:27:5:[m[K [01;31m[Kerror: [m[Kâ€˜[01m[KjointTrajectoryPub[m[Kâ€™ was not declared in this scope
   27 |     [01;31m[KjointTrajectoryPub[m[K = this->create_publisher<trajectory_msgs::msg::JointTrajectory>("/joint_trajectory_controller/joint_trajectory", 10);
      |     [01;31m[K^~~~~~~~~~~~~~~~~~[m[K
[01m[K/home/monica/ros2_ws/src/xolobot_arm_server/src/SimulationController.cpp:[m[K In member function â€˜[01m[Kvoid SimulationController::generaAleatorios()[m[Kâ€™:
[01m[K/home/monica/ros2_ws/src/xolobot_arm_server/src/SimulationController.cpp:61:5:[m[K [01;31m[Kerror: [m[Kâ€˜[01m[KjointTrajectoryPub[m[Kâ€™ was not declared in this scope; did you mean â€˜[01m[KjointTrajectoryMsg[m[Kâ€™?
   61 |     [01;31m[KjointTrajectoryPub[m[K->publish(jointTrajectoryMsg);
      |     [01;31m[K^~~~~~~~~~~~~~~~~~[m[K
      |     [32m[KjointTrajectoryMsg[m[K
gmake[2]: *** [CMakeFiles/xolobot_arm_server.dir/build.make:90: CMakeFiles/xolobot_arm_server.dir/src/SimulationController.cpp.o] Error 1
gmake[1]: *** [CMakeFiles/Makefile2:137: CMakeFiles/xolobot_arm_server.dir/all] Error 2
gmake: *** [Makefile:146: all] Error 2
