[0.050s] Invoking command in '/home/monica/ros2_ws/build/xolobot_arm_server': CMAKE_PREFIX_PATH=${CMAKE_PREFIX_PATH}:/opt/ros/iron /usr/bin/cmake --build /home/monica/ros2_ws/build/xolobot_arm_server -- -j2 -l2
[0.507s] [35m[1mConsolidate compiler generated dependencies of target xolobot_arm_server[0m
[0.685s] [ 33%] [32mBuilding CXX object CMakeFiles/xolobot_arm_server.dir/src/startServerNode.cpp.o[0m
[13.215s] [ 66%] [32mBuilding CXX object CMakeFiles/xolobot_arm_server.dir/src/SimulationController.cpp.o[0m
[21.121s] [01m[K/home/monica/ros2_ws/src/xolobot_arm_server/src/SimulationController.cpp:[m[K In member function â€˜[01m[Kvoid SimulationController::generaAleatorios()[m[Kâ€™:
[21.121s] [01m[K/home/monica/ros2_ws/src/xolobot_arm_server/src/SimulationController.cpp:81:13:[m[K [01;31m[Kerror: [m[Kâ€˜[01m[KbicepMov[m[Kâ€™ was not declared in this scope
[21.121s]    81 |             [01;31m[KbicepMov[m[K += -0.087;
[21.122s]       |             [01;31m[K^~~~~~~~[m[K
[24.127s] gmake[2]: *** [CMakeFiles/xolobot_arm_server.dir/build.make:90: CMakeFiles/xolobot_arm_server.dir/src/SimulationController.cpp.o] Error 1
[24.129s] gmake[1]: *** [CMakeFiles/Makefile2:137: CMakeFiles/xolobot_arm_server.dir/all] Error 2
[24.130s] gmake: *** [Makefile:146: all] Error 2
[24.133s] Invoked command in '/home/monica/ros2_ws/build/xolobot_arm_server' returned '2': CMAKE_PREFIX_PATH=${CMAKE_PREFIX_PATH}:/opt/ros/iron /usr/bin/cmake --build /home/monica/ros2_ws/build/xolobot_arm_server -- -j2 -l2
