In file included from [01m[K/opt/ros/iron/include/rclcpp/rclcpp/client.hpp:43[m[K,
                 from [01m[K/opt/ros/iron/include/rclcpp/rclcpp/callback_group.hpp:24[m[K,
                 from [01m[K/opt/ros/iron/include/rclcpp/rclcpp/any_executable.hpp:20[m[K,
                 from [01m[K/opt/ros/iron/include/rclcpp/rclcpp/memory_strategy.hpp:25[m[K,
                 from [01m[K/opt/ros/iron/include/rclcpp/rclcpp/memory_strategies.hpp:18[m[K,
                 from [01m[K/opt/ros/iron/include/rclcpp/rclcpp/executor_options.hpp:20[m[K,
                 from [01m[K/opt/ros/iron/include/rclcpp/rclcpp/executor.hpp:37[m[K,
                 from [01m[K/opt/ros/iron/include/rclcpp/rclcpp/executors/multi_threaded_executor.hpp:25[m[K,
                 from [01m[K/opt/ros/iron/include/rclcpp/rclcpp/executors.hpp:21[m[K,
                 from [01m[K/opt/ros/iron/include/rclcpp/rclcpp/rclcpp.hpp:167[m[K,
                 from [01m[K/home/monica/ros2_ws/src/xolobot_arm_server/src/SimulationController.h:4[m[K,
                 from [01m[K/home/monica/ros2_ws/src/xolobot_arm_server/src/startServerNode.cpp:1[m[K:
[01m[K/home/monica/ros2_ws/src/xolobot_arm_server/src/startServerNode.cpp:[m[K In function â€˜[01m[Kint main(int, char**)[m[Kâ€™:
[01m[K/home/monica/ros2_ws/src/xolobot_arm_server/src/startServerNode.cpp:25:16:[m[K [01;31m[Kerror: [m[Kâ€˜[01m[Knh[m[Kâ€™ was not declared in this scope
   25 |    RCLCPP_INFO([01;31m[Knh[m[K->get_logger(), "La simulacion ha terminado\n");
      |                [01;31m[K^~[m[K
[01m[K/home/monica/ros2_ws/src/xolobot_arm_server/src/startServerNode.cpp:25:4:[m[K [01;31m[Kerror: [m[Ktemplate argument 1 is invalid
   25 |    [01;31m[KRCLCPP_INFO[m[K(nh->get_logger(), "La simulacion ha terminado\n");
      |    [01;31m[K^~~~~~~~~~~[m[K
[01m[K/home/monica/ros2_ws/src/xolobot_arm_server/src/startServerNode.cpp:25:4:[m[K [01;31m[Kerror: [m[Ktemplate argument 1 is invalid
   25 |    [01;31m[KRCLCPP_INFO[m[K(nh->get_logger(), "La simulacion ha terminado\n");
      |    [01;31m[K^~~~~~~~~~~[m[K
[01m[K/home/monica/ros2_ws/src/xolobot_arm_server/src/startServerNode.cpp:25:4:[m[K [01;31m[Kerror: [m[Ktemplate argument 1 is invalid
   25 |    [01;31m[KRCLCPP_INFO[m[K(nh->get_logger(), "La simulacion ha terminado\n");
      |    [01;31m[K^~~~~~~~~~~[m[K
gmake[2]: *** [CMakeFiles/xolobot_arm_server.dir/build.make:76: CMakeFiles/xolobot_arm_server.dir/src/startServerNode.cpp.o] Error 1
gmake[1]: *** [CMakeFiles/Makefile2:137: CMakeFiles/xolobot_arm_server.dir/all] Error 2
gmake: *** [Makefile:146: all] Error 2
