[01m[K/home/monica/ros2_ws/src/xolobot_arm_server/src/SimulationController.cpp:[m[K In member function â€˜[01m[Kvoid SimulationController::deteccionColision(gazebo_msgs::msg::ContactsState_<std::allocator<void> >::SharedPtr)[m[Kâ€™:
[01m[K/home/monica/ros2_ws/src/xolobot_arm_server/src/SimulationController.cpp:82:9:[m[K [01;31m[Kerror: [m[Kâ€˜[01m[KtemporizadorHombro[m[Kâ€™ was not declared in this scope
   82 |         [01;31m[KtemporizadorHombro[m[K = this->create_wall_timer(
      |         [01;31m[K^~~~~~~~~~~~~~~~~~[m[K
[01m[K/home/monica/ros2_ws/src/xolobot_arm_server/src/SimulationController.cpp:83:44:[m[K [01;31m[Kerror: [m[Kâ€˜[01m[Kbin[m[Kâ€™ is not a member of â€˜[01m[Kstd[m[Kâ€™; did you mean â€˜[01m[Ksin[m[Kâ€™?
   83 |             std::chrono::seconds(30), std::[01;31m[Kbin[m[K(&SimulationController::moverHombro, this));
      |                                            [01;31m[K^~~[m[K
      |                                            [32m[Ksin[m[K
[01m[K/home/monica/ros2_ws/src/xolobot_arm_server/src/SimulationController.cpp:83:71:[m[K [01;31m[Kerror: [m[Kâ€˜[01m[KmoverHombro[m[Kâ€™ is not a member of â€˜[01m[KSimulationController[m[Kâ€™
   83 | :chrono::seconds(30), std::bin(&SimulationController::[01;31m[KmoverHombro[m[K, this));
      |                                                       [01;31m[K^~~~~~~~~~~[m[K

[01m[K/home/monica/ros2_ws/src/xolobot_arm_server/src/SimulationController.cpp:[m[K At global scope:
[01m[K/home/monica/ros2_ws/src/xolobot_arm_server/src/SimulationController.cpp:92:6:[m[K [01;31m[Kerror: [m[Kno declaration matches â€˜[01m[Kvoid SimulationController::moverHombro()[m[Kâ€™
   92 | void [01;31m[KSimulationController[m[K::moverHombro(){
      |      [01;31m[K^~~~~~~~~~~~~~~~~~~~[m[K
[01m[K/home/monica/ros2_ws/src/xolobot_arm_server/src/SimulationController.cpp:92:6:[m[K [01;36m[Knote: [m[Kno functions named â€˜[01m[Kvoid SimulationController::moverHombro()[m[Kâ€™
In file included from [01m[K/home/monica/ros2_ws/src/xolobot_arm_server/src/SimulationController.cpp:1[m[K:
[01m[K/home/monica/ros2_ws/src/xolobot_arm_server/src/SimulationController.h:22:7:[m[K [01;36m[Knote: [m[Kâ€˜[01m[Kclass SimulationController[m[Kâ€™ defined here
   22 | class [01;36m[KSimulationController[m[K : public rclcpp::Node{
      |       [01;36m[K^~~~~~~~~~~~~~~~~~~~[m[K
gmake[2]: *** [CMakeFiles/xolobot_arm_server.dir/build.make:90: CMakeFiles/xolobot_arm_server.dir/src/SimulationController.cpp.o] Error 1
gmake[1]: *** [CMakeFiles/Makefile2:137: CMakeFiles/xolobot_arm_server.dir/all] Error 2
gmake: *** [Makefile:146: all] Error 2
