[35m[1mConsolidate compiler generated dependencies of target xolobot_arm_server[0m
[ 33%] [32mBuilding CXX object CMakeFiles/xolobot_arm_server.dir/src/startServerNode.cpp.o[0m
[01m[K/home/monica/ros2_ws/src/xolobot_arm_server/src/startServerNode.cpp:[m[K In constructor â€˜[01m[KXolobotArmServer::XolobotArmServer()[m[Kâ€™:
[01m[K/home/monica/ros2_ws/src/xolobot_arm_server/src/startServerNode.cpp:12:51:[m[K [01;31m[Kerror: [m[Kno matching function for call to â€˜[01m[KSimulationController::SimulationController()[m[Kâ€™
   12 |     XolobotArmServer() : Node("xolobot_arm_server"[01;31m[K)[m[K
      |                                                   [01;31m[K^[m[K
In file included from [01m[K/home/monica/ros2_ws/src/xolobot_arm_server/src/startServerNode.cpp:1[m[K:
[01m[K/home/monica/ros2_ws/src/xolobot_arm_server/src/SimulationController.hpp:21:5:[m[K [01;36m[Knote: [m[Kcandidate: â€˜[01m[KSimulationController::SimulationController(rclcpp::Node::SharedPtr)[m[Kâ€™
   21 |     [01;36m[KSimulationController[m[K(rclcpp::Node::SharedPtr node);
      |     [01;36m[K^~~~~~~~~~~~~~~~~~~~[m[K
[01m[K/home/monica/ros2_ws/src/xolobot_arm_server/src/SimulationController.hpp:21:5:[m[K [01;36m[Knote: [m[K  candidate expects 1 argument, 0 provided
[01m[K/home/monica/ros2_ws/src/xolobot_arm_server/src/SimulationController.hpp:18:7:[m[K [01;36m[Knote: [m[Kcandidate: â€˜[01m[KSimulationController::SimulationController(const SimulationController&)[m[Kâ€™
   18 | class [01;36m[KSimulationController[m[K {
      |       [01;36m[K^~~~~~~~~~~~~~~~~~~~[m[K
[01m[K/home/monica/ros2_ws/src/xolobot_arm_server/src/SimulationController.hpp:18:7:[m[K [01;36m[Knote: [m[K  candidate expects 1 argument, 0 provided
gmake[2]: *** [CMakeFiles/xolobot_arm_server.dir/build.make:76: CMakeFiles/xolobot_arm_server.dir/src/startServerNode.cpp.o] Error 1
gmake[1]: *** [CMakeFiles/Makefile2:137: CMakeFiles/xolobot_arm_server.dir/all] Error 2
gmake: *** [Makefile:146: all] Error 2
